<?xml version="1.0" encoding="UTF-8"?>
<!-- Generated by org.testng.reporters.JUnitReportReporter -->
<testsuite hostname="Haos-MacBook-Air.local" failures="0" tests="1" name="DemoProject.Register.TS_01_CreateNewAccount" time="5.591" errors="0" timestamp="20 Jun 2022 10:08:18 GMT" skipped="0">
  <testcase classname="DemoProject.Register.TS_01_CreateNewAccount" name="TC_01_Create_New_Account" time="5.591"/>
</testsuite> <!-- DemoProject.Register.TS_01_CreateNewAccount -->
